This is XeTeX, Version 3.141592653-2.6-0.999996 (TeX Live 2025/dev/Debian) (preloaded format=xelatex 2025.11.10)  11 NOV 2025 13:19
entering extended mode
 restricted \write18 enabled.
 file:line:error style messages enabled.
 %&-line parsing enabled.
**/home/adam/repos/AdamImd.github.io/deedy_resume-reversed
(/home/adam/repos/AdamImd.github.io/deedy_resume-reversed.tex
LaTeX2e <2024-11-01> patch level 2
L3 programming layer <2025-01-18>

! LaTeX Error: File `deedy-resume-reversed.cls' not found.

Type X to quit or <RETURN> to proceed,
or enter new name. (Default extension: cls)

Enter file name: 
/home/adam/repos/AdamImd.github.io/deedy_resume-reversed.tex:62: Emergency stop.
<read *> 
         
l.62 \usepackage
                {fancyhdr}^^M
*** (cannot \read from terminal in nonstop modes)

 
Here is how much of TeX's memory you used:
 19 strings out of 473835
 549 string characters out of 5731945
 386381 words of memory out of 5000000
 23184 multiletter control sequences out of 15000+600000
 558837 words of font info for 36 fonts, out of 8000000 for 9000
 1348 hyphenation exceptions out of 8191
 19i,0n,29p,148b,17s stack positions out of 10000i,1000n,20000p,200000b,200000s
No pages of output.
